<?xml version="1.0" encoding="UTF-8"?>
<!-- Generated by org.testng.reporters.JUnitReportReporter -->
<testsuite hostname="DESKTOP-O2MGJE7" failures="0" tests="1" name="practice.DragAndDrop" time="22.544" errors="0" timestamp="2022-12-31T15:55:19 IST" skipped="0">
  <testcase classname="practice.DragAndDrop" name="simple" time="22.544"/>
  <system-out/>
</testsuite> <!-- practice.DragAndDrop -->
