<?xml version="1.0" encoding="UTF-8"?>
<!-- Generated by org.testng.reporters.JUnitReportReporter -->
<testsuite hostname="DESKTOP-O2MGJE7" failures="0" tests="9" name="testng.Paralleldemo" time="199.049" errors="0" timestamp="2022-12-24T19:48:13 IST" skipped="0">
  <testcase classname="testng.Paralleldemo" name="demo" time="9.408"/>
  <system-out/>
  <testcase classname="testng.Paralleldemo" name="test1" time="16.002"/>
  <system-out/>
  <testcase classname="testng.Paralleldemo" name="test2" time="35.048"/>
  <system-out/>
  <testcase classname="testng.Paralleldemo" name="test2" time="16.790"/>
  <system-out/>
  <testcase classname="testng.Paralleldemo" name="test2" time="14.116"/>
  <system-out/>
  <testcase classname="testng.Paralleldemo" name="test1" time="17.706"/>
  <system-out/>
  <testcase classname="testng.Paralleldemo" name="test1" time="11.555"/>
  <system-out/>
  <testcase classname="testng.Paralleldemo" name="demo" time="64.991"/>
  <system-out/>
  <testcase classname="testng.Paralleldemo" name="demo" time="13.433"/>
  <system-out/>
</testsuite> <!-- testng.Paralleldemo -->
