<?xml version="1.0" encoding="UTF-8"?>
<!-- Generated by org.testng.reporters.JUnitReportReporter -->
<testsuite hostname="DESKTOP-O2MGJE7" failures="0" tests="2" name="testng.DataProvidersTry" time="74.325" errors="0" timestamp="2022-12-25T15:59:15 IST" skipped="0">
  <testcase classname="testng.DataProvidersTry" name="Actitime" time="40.443"/>
  <system-out/>
  <testcase classname="testng.DataProvidersTry" name="Actitime" time="33.882"/>
  <system-out/>
</testsuite> <!-- testng.DataProvidersTry -->
