<?xml version="1.0" encoding="UTF-8"?>
<!-- Generated by org.testng.reporters.JUnitReportReporter -->
<testsuite hostname="DESKTOP-O2MGJE7" failures="0" tests="2" name="testng.AnnotationsTest" time="0.022" errors="0" timestamp="2022-12-23T08:46:47 IST" skipped="0">
  <testcase classname="testng.AnnotationsTest" name="testmethod1" time="0.018"/>
  <system-out/>
  <testcase classname="testng.AnnotationsTest" name="testmethod2" time="0.004"/>
  <system-out/>
</testsuite> <!-- testng.AnnotationsTest -->
