<?xml version="1.0" encoding="UTF-8"?>
<!-- Generated by org.testng.reporters.JUnitReportReporter -->
<testsuite hostname="DESKTOP-O2MGJE7" failures="0" tests="4" name="datadriventesting.DataProviderDemo" time="62.686" errors="0" timestamp="2023-01-16T21:42:18 IST" skipped="0">
  <testcase classname="datadriventesting.DataProviderDemo" name="tc1" time="14.554"/>
  <system-out/>
  <testcase classname="datadriventesting.DataProviderDemo" name="tc1" time="18.380"/>
  <system-out/>
  <testcase classname="datadriventesting.DataProviderDemo" name="tc1" time="17.301"/>
  <system-out/>
  <testcase classname="datadriventesting.DataProviderDemo" name="tc1" time="12.451"/>
  <system-out/>
</testsuite> <!-- datadriventesting.DataProviderDemo -->
