<?xml version="1.0" encoding="UTF-8"?>
<!-- Generated by org.testng.reporters.JUnitReportReporter -->
<testsuite hostname="DESKTOP-O2MGJE7" failures="0" tests="6" name="testng.Test0" time="0.053" errors="0" timestamp="2022-12-23T08:21:20 IST" skipped="0">
  <testcase classname="testng.Test0" name="calls" time="0.024"/>
  <system-out>
    <![CDATA[calls]]>
  </system-out>
  <testcase classname="testng.Test0" name="settings" time="0.003"/>
  <system-out>
    <![CDATA[settings]]>
  </system-out>
  <testcase classname="testng.Test0" name="settings" time="0.010"/>
  <system-out>
    <![CDATA[settings]]>
  </system-out>
  <testcase classname="testng.Test0" name="chats" time="0.004"/>
  <system-out>
    <![CDATA[chats]]>
  </system-out>
  <testcase classname="testng.Test0" name="chats" time="0.007"/>
  <system-out>
    <![CDATA[chats]]>
  </system-out>
  <testcase classname="testng.Test0" name="chats" time="0.005"/>
  <system-out>
    <![CDATA[chats]]>
  </system-out>
</testsuite> <!-- testng.Test0 -->
