<?xml version="1.0" encoding="UTF-8"?>
<!-- Generated by org.testng.reporters.JUnitReportReporter -->
<testsuite hostname="DESKTOP-O2MGJE7" failures="0" tests="3" name="testng.DataProviderDemo$Demo" time="80.265" errors="0" timestamp="2022-12-24T20:00:06 IST" skipped="0">
  <testcase classname="testng.DataProviderDemo$Demo" name="tc1" time="23.838"/>
  <system-out/>
  <testcase classname="testng.DataProviderDemo$Demo" name="tc1" time="29.030"/>
  <system-out/>
  <testcase classname="testng.DataProviderDemo$Demo" name="tc1" time="27.397"/>
  <system-out/>
</testsuite> <!-- testng.DataProviderDemo$Demo -->
