<?xml version="1.0" encoding="UTF-8"?>
<!-- Generated by org.testng.reporters.JUnitReportReporter -->
<testsuite hostname="DESKTOP-O2MGJE7" failures="0" tests="9" name="testng.Paralleldemo" time="197.582" errors="0" timestamp="2023-01-17T08:53:38 IST" skipped="0">
  <testcase classname="testng.Paralleldemo" name="test2" time="9.507"/>
  <system-out/>
  <testcase classname="testng.Paralleldemo" name="test1" time="10.891"/>
  <system-out/>
  <testcase classname="testng.Paralleldemo" name="demo" time="29.794"/>
  <system-out/>
  <testcase classname="testng.Paralleldemo" name="test1" time="5.275"/>
  <system-out/>
  <testcase classname="testng.Paralleldemo" name="demo" time="67.284"/>
  <system-out/>
  <testcase classname="testng.Paralleldemo" name="demo" time="29.794"/>
  <system-out/>
  <testcase classname="testng.Paralleldemo" name="test2" time="15.137"/>
  <system-out/>
  <testcase classname="testng.Paralleldemo" name="test1" time="11.497"/>
  <system-out/>
  <testcase classname="testng.Paralleldemo" name="test2" time="18.403"/>
  <system-out/>
</testsuite> <!-- testng.Paralleldemo -->
