<?xml version="1.0" encoding="UTF-8"?>
<!-- Generated by org.testng.reporters.JUnitReportReporter -->
<testsuite hostname="DESKTOP-O2MGJE7" failures="0" tests="3" name="testng.DataProviderPractice" time="69.669" errors="0" timestamp="2022-12-24T22:05:38 IST" skipped="0">
  <testcase classname="testng.DataProviderPractice" name="demoDataProvider" time="25.277"/>
  <system-out/>
  <testcase classname="testng.DataProviderPractice" name="demoDataProvider" time="21.327"/>
  <system-out/>
  <testcase classname="testng.DataProviderPractice" name="demoDataProvider" time="23.065"/>
  <system-out/>
</testsuite> <!-- testng.DataProviderPractice -->
