<?xml version="1.0" encoding="UTF-8"?>
<!-- Generated by org.testng.reporters.JUnitReportReporter -->
<testsuite hostname="DESKTOP-O2MGJE7" failures="0" tests="1" name="practice.ClickAndHoldAndRelease" time="28.478" errors="0" timestamp="2023-01-01T20:10:02 IST" skipped="0">
  <testcase classname="practice.ClickAndHoldAndRelease" name="clickAndHold" time="28.478"/>
  <system-out/>
</testsuite> <!-- practice.ClickAndHoldAndRelease -->
