<?xml version="1.0" encoding="UTF-8"?>
<!-- Generated by org.testng.reporters.JUnitReportReporter -->
<testsuite hostname="DESKTOP-O2MGJE7" failures="0" tests="1" name="testng.TestCase1" time="19.322" errors="0" timestamp="2022-12-24T19:34:09 IST" skipped="0">
  <testcase classname="testng.TestCase1" name="forgotpassword" time="19.322"/>
  <system-out>
    <![CDATA[Forgotten Password | Can't Log In | Facebook
https://www.facebook.com/login/identify/?ctx=recover&ars=facebook_login&from_login_screen=0]]>
  </system-out>
</testsuite> <!-- testng.TestCase1 -->
